<?xml version="1.0" encoding="UTF-8"?>
<!-- Generated by org.testng.reporters.JUnitXMLReporter -->
<testsuite hostname="DESKTOP-O7FV5V6" ignored="0" name="Default test" tests="6" failures="0" timestamp="20 maj 2019 19:11:21 GMT" time="10.04" errors="0">
  <testcase name="getFactByID" time="1.533" classname="Katt_Project.Katt_Project.FirstClass_Katt"/>
  <testcase name="testGetAmountOfTheAnimals_Cat" time="1.078" classname="Katt_Project.Katt_Project.FirstClass_Katt"/>
  <testcase name="testGetAmountOfTheAnimals_Horse" time="0.91" classname="Katt_Project.Katt_Project.FirstClass_Katt"/>
  <testcase name="testGetQueuedFacts" time="2.172" classname="Katt_Project.Katt_Project.FirstClass_Katt"/>
  <testcase name="testGetRandomFact_givenAnimalType_Cat" time="0.726" classname="Katt_Project.Katt_Project.FirstClass_Katt"/>
  <testcase name="testGetRandomFact_givenAnimalType_Horse" time="0.738" classname="Katt_Project.Katt_Project.FirstClass_Katt"/>
</testsuite> <!-- Default test -->
